This file contains any messages produced by compilers while
running configure, to aid debugging if configure makes a mistake.

It was created by OpenJDK configure jdk8, which was
generated by GNU Autoconf 2.69.  Invocation command line was

  $ ./common/autoconf/configure --enable-option-checking=fatal

## --------- ##
## Platform. ##
## --------- ##

hostname = drankyes-MacBook.local
uname -m = x86_64
uname -r = 17.5.0
uname -s = Darwin
uname -v = Darwin Kernel Version 17.5.0: Mon Mar  5 22:24:32 PST 2018; root:xnu-4570.51.1~1/RELEASE_X86_64

/usr/bin/uname -p = i386
/bin/uname -X     = unknown

/bin/arch              = unknown
/usr/bin/arch -k       = unknown
/usr/convex/getsysinfo = unknown
/usr/bin/hostinfo      = Mach kernel version:
	 Darwin Kernel Version 17.5.0: Mon Mar  5 22:24:32 PST 2018; root:xnu-4570.51.1~1/RELEASE_X86_64
Kernel configured for up to 8 processors.
4 processors are physically available.
8 processors are logically available.
Processor type: x86_64h (Intel x86-64h Haswell)
Processors active: 0 1 2 3 4 5 6 7
Primary memory available: 16.00 gigabytes
Default processor set: 336 tasks, 1360 threads, 8 processors
Load average: 1.84, Mach factor: 6.15
/bin/machine           = unknown
/usr/bin/oslevel       = unknown
/bin/universe          = unknown

PATH: /usr/local/bin
PATH: /usr/bin
PATH: /bin
PATH: /usr/sbin
PATH: /sbin
PATH: /usr/local/go/bin
PATH: /Users/drankye/tools
PATH: /Users/drankye/tools/maven/bin


## ----------- ##
## Core tests. ##
## ----------- ##

configure:3932: Configuration created at Tue Apr  3 18:57:42 CST 2018.
configure:3934: configure script generated at timestamp 1522753061.
configure:3951: checking for basename
configure:3969: found /usr/bin/basename
configure:3981: result: /usr/bin/basename
configure:4010: checking for bash
configure:4040: result: /bin/bash
configure:4069: checking for cat
configure:4087: found /bin/cat
configure:4099: result: /bin/cat
configure:4128: checking for chmod
configure:4146: found /bin/chmod
configure:4158: result: /bin/chmod
configure:4187: checking for cmp
configure:4205: found /usr/bin/cmp
configure:4217: result: /usr/bin/cmp
configure:4246: checking for comm
configure:4264: found /usr/bin/comm
configure:4276: result: /usr/bin/comm
configure:4305: checking for cp
configure:4323: found /bin/cp
configure:4335: result: /bin/cp
configure:4364: checking for cpio
configure:4382: found /usr/bin/cpio
configure:4394: result: /usr/bin/cpio
configure:4423: checking for cut
configure:4441: found /usr/bin/cut
configure:4453: result: /usr/bin/cut
configure:4482: checking for date
configure:4500: found /bin/date
configure:4512: result: /bin/date
configure:4541: checking for gdiff
configure:4574: result: no
configure:4541: checking for diff
configure:4559: found /usr/bin/diff
configure:4571: result: /usr/bin/diff
configure:4600: checking for dirname
configure:4618: found /usr/bin/dirname
configure:4630: result: /usr/bin/dirname
configure:4659: checking for echo
configure:4677: found /bin/echo
configure:4689: result: /bin/echo
configure:4718: checking for expr
configure:4736: found /bin/expr
configure:4748: result: /bin/expr
configure:4777: checking for file
configure:4795: found /usr/bin/file
configure:4807: result: /usr/bin/file
configure:4836: checking for find
configure:4854: found /usr/bin/find
configure:4866: result: /usr/bin/find
configure:4895: checking for head
configure:4913: found /usr/bin/head
configure:4925: result: /usr/bin/head
configure:4954: checking for ln
configure:4972: found /bin/ln
configure:4984: result: /bin/ln
configure:5013: checking for ls
configure:5031: found /bin/ls
configure:5043: result: /bin/ls
configure:5072: checking for mkdir
configure:5090: found /bin/mkdir
configure:5102: result: /bin/mkdir
configure:5131: checking for mktemp
configure:5149: found /usr/bin/mktemp
configure:5161: result: /usr/bin/mktemp
configure:5190: checking for mv
configure:5208: found /bin/mv
configure:5220: result: /bin/mv
configure:5249: checking for printf
configure:5267: found /usr/bin/printf
configure:5279: result: /usr/bin/printf
configure:5308: checking for rm
configure:5326: found /bin/rm
configure:5338: result: /bin/rm
configure:5367: checking for sh
configure:5385: found /bin/sh
configure:5397: result: /bin/sh
configure:5426: checking for sort
configure:5444: found /usr/bin/sort
configure:5456: result: /usr/bin/sort
configure:5485: checking for tail
configure:5503: found /usr/bin/tail
configure:5515: result: /usr/bin/tail
configure:5544: checking for tar
configure:5562: found /usr/bin/tar
configure:5574: result: /usr/bin/tar
configure:5603: checking for tee
configure:5621: found /usr/bin/tee
configure:5633: result: /usr/bin/tee
configure:5662: checking for touch
configure:5680: found /usr/bin/touch
configure:5692: result: /usr/bin/touch
configure:5721: checking for tr
configure:5739: found /usr/bin/tr
configure:5751: result: /usr/bin/tr
configure:5780: checking for uname
configure:5798: found /usr/bin/uname
configure:5810: result: /usr/bin/uname
configure:5839: checking for uniq
configure:5857: found /usr/bin/uniq
configure:5869: result: /usr/bin/uniq
configure:5898: checking for wc
configure:5916: found /usr/bin/wc
configure:5928: result: /usr/bin/wc
configure:5957: checking for which
configure:5975: found /usr/bin/which
configure:5987: result: /usr/bin/which
configure:6016: checking for xargs
configure:6034: found /usr/bin/xargs
configure:6046: result: /usr/bin/xargs
configure:6076: checking for gawk
configure:6106: result: no
configure:6076: checking for mawk
configure:6106: result: no
configure:6076: checking for nawk
configure:6106: result: no
configure:6076: checking for awk
configure:6092: found /usr/bin/awk
configure:6103: result: awk
configure:6126: checking for grep that handles long lines and -e
configure:6184: result: /usr/bin/grep
configure:6201: checking for egrep
configure:6263: result: /usr/bin/grep -E
configure:6280: checking for fgrep
configure:6342: result: /usr/bin/grep -F
configure:6359: checking for a sed that does not truncate output
configure:6423: result: /usr/bin/sed
configure:6445: checking for nawk
configure:6478: result: no
configure:6445: checking for gawk
configure:6478: result: no
configure:6445: checking for awk
configure:6463: found /usr/bin/awk
configure:6475: result: /usr/bin/awk
configure:6509: checking for cygpath
configure:6542: result: no
configure:6549: checking for readlink
configure:6567: found /usr/bin/readlink
configure:6579: result: /usr/bin/readlink
configure:6589: checking for df
configure:6607: found /bin/df
configure:6619: result: /bin/df
configure:6629: checking for SetFile
configure:6647: found /usr/bin/SetFile
configure:6659: result: /usr/bin/SetFile
configure:6675: checking build system type
configure:6689: result: x86_64-apple-darwin17.5.0
configure:6709: checking host system type
configure:6722: result: x86_64-apple-darwin17.5.0
configure:6742: checking target system type
configure:6755: result: x86_64-apple-darwin17.5.0
configure:6933: checking openjdk-build os-cpu
configure:6935: result: macosx-x86_64
configure:7070: checking openjdk-target os-cpu
configure:7072: result: macosx-x86_64
configure:7122: checking compilation type
configure:7124: result: native
configure:7833: checking for presence of closed sources
configure:7840: result: no
configure:7843: checking if closed source is suppressed (openjdk-only)
configure:7846: result: no
configure:7883: checking which variant of the JDK to build
configure:7900: result: normal
configure:7910: checking which interpreter of the JVM to build
configure:7931: result: template
configure:7948: checking which variants of the JVM to build
configure:7967: result: server
configure:8042: checking which debug level to use
configure:8066: result: release
configure:8231: checking what configuration name to use
configure:8233: result: macosx-x86_64-normal-server-release
configure:8400: checking for apt-get
configure:8430: result: no
configure:8400: checking for yum
configure:8430: result: no
configure:8400: checking for port
configure:8430: result: no
configure:8400: checking for pkgutil
configure:8416: found /usr/sbin/pkgutil
configure:8427: result: pkgutil
configure:8765: checking for gmake
configure:8798: result: no
configure:9119: checking for make
configure:9137: found /usr/bin/make
configure:9149: result: /usr/bin/make
configure:9164: Testing potential make at /usr/bin/make, found using make in PATH
configure:9432: Resolving FOUND_MAKE (as /usr/bin/make) failed, using /usr/bin/make directly.
configure:10191: Using GNU make 3.81 (or later) at /usr/bin/make (version: GNU Make 3.81)
configure:10197: checking if find supports -delete
configure:10213: result: yes
configure:10227: checking for unzip
configure:10245: found /usr/bin/unzip
configure:10257: result: /usr/bin/unzip
configure:10286: checking for zip
configure:10304: found /usr/bin/zip
configure:10316: result: /usr/bin/zip
configure:10345: checking for ldd
configure:10378: result: no
configure:10393: checking for readelf
configure:10426: result: no
configure:10393: checking for greadelf
configure:10426: result: no
configure:10436: checking for hg
configure:10454: found /usr/local/bin/hg
configure:10466: result: /usr/local/bin/hg
configure:10476: checking for stat
configure:10494: found /usr/bin/stat
configure:10506: result: /usr/bin/stat
configure:10516: checking for time
configure:10534: found /usr/bin/time
configure:10546: result: /usr/bin/time
configure:10631: checking for dsymutil
configure:10649: found /usr/bin/dsymutil
configure:10661: result: /usr/bin/dsymutil
configure:10690: checking for xattr
configure:10708: found /usr/bin/xattr
configure:10720: result: /usr/bin/xattr
configure:10746: checking for codesign
configure:10764: found /usr/bin/codesign
configure:10776: result: /usr/bin/codesign
configure:10786: checking if openjdk_codesign certificate is present
openjdk_codesign: no identity found
configure:10793: result: no
configure:10853: checking for pkg-config
configure:10871: found /usr/local/bin/pkg-config
configure:10883: result: /usr/local/bin/pkg-config
configure:10908: checking pkg-config is at least version 0.9.0
configure:10911: result: yes
configure:11026: checking for 7z
configure:11056: result: no
configure:11026: checking for unzip
configure:11042: found /usr/bin/unzip
configure:11053: result: unzip
configure:11072: checking for wget
configure:11088: found /usr/local/bin/wget
configure:11099: result: wget
configure:11126: checking headful support
configure:11150: result: include support for both headful and headless
configure:12018: Found potential Boot JDK using JAVA_HOME
configure:12182: checking for Boot JDK
configure:12184: result: /Library/Java/JavaVirtualMachines/jdk1.8.0_152.jdk/Contents/Home
configure:12186: checking Boot JDK version
configure:12189: result: java version "1.8.0_152" Java(TM) SE Runtime Environment (build 1.8.0_152-b16) Java HotSpot(TM) 64-Bit Server VM (build 25.152-b16, mixed mode) 
configure:16002: checking for java in Boot JDK
configure:16012: result: ok
configure:16016: checking for javac in Boot JDK
configure:16026: result: ok
configure:16030: checking for javah in Boot JDK
configure:16040: result: ok
configure:16044: checking for javap in Boot JDK
configure:16054: result: ok
configure:16058: checking for jar in Boot JDK
configure:16068: result: ok
configure:16072: checking for rmic in Boot JDK
configure:16082: result: ok
configure:16086: checking for native2ascii in Boot JDK
configure:16096: result: ok
configure:16113: checking if Boot JDK is 32 or 64 bits
configure:16115: result: 64
configure:16131: checking flags for boot jdk java command 
Check if jvm arg is ok: -XX:-PrintVMOptions -XX:-UnlockDiagnosticVMOptions -XX:-LogVMOutput
Command: /Library/Java/JavaVirtualMachines/jdk1.8.0_152.jdk/Contents/Home/bin/java -XX:-PrintVMOptions -XX:-UnlockDiagnosticVMOptions -XX:-LogVMOutput -version
Arg failed:
Error: VM option 'LogVMOutput' is diagnostic and must be enabled via -XX:+UnlockDiagnosticVMOptions.
Error: Could not create the Java Virtual Machine.
Error: A fatal exception has occurred. Program will exit.
Check if jvm arg is ok: 
Command: /Library/Java/JavaVirtualMachines/jdk1.8.0_152.jdk/Contents/Home/bin/java  -version
configure:16168: result:  
configure:16176: checking flags for boot jdk java command for big workloads
Check if jvm arg is ok: -Xms64M
Command: /Library/Java/JavaVirtualMachines/jdk1.8.0_152.jdk/Contents/Home/bin/java -Xms64M -version
Check if jvm arg is ok: -Xmx1600M
Command: /Library/Java/JavaVirtualMachines/jdk1.8.0_152.jdk/Contents/Home/bin/java -Xmx1600M -version
Check if jvm arg is ok: -XX:ThreadStackSize=1536
Command: /Library/Java/JavaVirtualMachines/jdk1.8.0_152.jdk/Contents/Home/bin/java -XX:ThreadStackSize=1536 -version
Check if jvm arg is ok: -XX:PermSize=32m
Command: /Library/Java/JavaVirtualMachines/jdk1.8.0_152.jdk/Contents/Home/bin/java -XX:PermSize=32m -version
Arg failed:
Java HotSpot(TM) 64-Bit Server VM warning: ignoring option PermSize=32m; support was removed in 8.0
java version "1.8.0_152"
Java(TM) SE Runtime Environment (build 1.8.0_152-b16)
Java HotSpot(TM) 64-Bit Server VM (build 25.152-b16, mixed mode)
Check if jvm arg is ok: -XX:MaxPermSize=160m
Command: /Library/Java/JavaVirtualMachines/jdk1.8.0_152.jdk/Contents/Home/bin/java -XX:MaxPermSize=160m -version
Arg failed:
Java HotSpot(TM) 64-Bit Server VM warning: ignoring option MaxPermSize=160m; support was removed in 8.0
java version "1.8.0_152"
Java(TM) SE Runtime Environment (build 1.8.0_152-b16)
Java HotSpot(TM) 64-Bit Server VM (build 25.152-b16, mixed mode)
configure:16270: result:  -Xms64M -Xmx1600M -XX:ThreadStackSize=1536
configure:16277: checking flags for boot jdk java command for small workloads
Check if jvm arg is ok: -XX:+UseSerialGC
Command: /Library/Java/JavaVirtualMachines/jdk1.8.0_152.jdk/Contents/Home/bin/java -XX:+UseSerialGC -version
Check if jvm arg is ok: -Xms32M
Command: /Library/Java/JavaVirtualMachines/jdk1.8.0_152.jdk/Contents/Home/bin/java -Xms32M -version
Check if jvm arg is ok: -Xmx512M
Command: /Library/Java/JavaVirtualMachines/jdk1.8.0_152.jdk/Contents/Home/bin/java -Xmx512M -version
configure:16327: result:  -XX:+UseSerialGC -Xms32M -Xmx512M
configure:16695: checking for jtreg
configure:16697: result: no
configure:19301: checking Determining if we need to set DEVELOPER_DIR
configure:19316: result: no
configure:19323: checking for xcodebuild
configure:19341: found /usr/bin/xcodebuild
configure:19353: result: /usr/bin/xcodebuild
configure:19369: error: Xcode 4 is required to build JDK 8, the version found was 9.3. Use --with-xcode-path to specify the location of Xcode 4 or make Xcode 4 active by using xcode-select.

## ---------------- ##
## Cache variables. ##
## ---------------- ##

ac_cv_build=x86_64-apple-darwin17.5.0
ac_cv_env_ALSA_CFLAGS_set=
ac_cv_env_ALSA_CFLAGS_value=
ac_cv_env_ALSA_LIBS_set=
ac_cv_env_ALSA_LIBS_value=
ac_cv_env_CCC_set=
ac_cv_env_CCC_value=
ac_cv_env_CC_set=
ac_cv_env_CC_value=
ac_cv_env_CFLAGS_set=
ac_cv_env_CFLAGS_value=
ac_cv_env_CPPFLAGS_set=
ac_cv_env_CPPFLAGS_value=
ac_cv_env_CPP_set=
ac_cv_env_CPP_value=
ac_cv_env_CXXCPP_set=
ac_cv_env_CXXCPP_value=
ac_cv_env_CXXFLAGS_set=
ac_cv_env_CXXFLAGS_value=
ac_cv_env_CXX_set=
ac_cv_env_CXX_value=
ac_cv_env_FREETYPE_CFLAGS_set=
ac_cv_env_FREETYPE_CFLAGS_value=
ac_cv_env_FREETYPE_LIBS_set=
ac_cv_env_FREETYPE_LIBS_value=
ac_cv_env_LDFLAGS_set=
ac_cv_env_LDFLAGS_value=
ac_cv_env_LIBFFI_CFLAGS_set=
ac_cv_env_LIBFFI_CFLAGS_value=
ac_cv_env_LIBFFI_LIBS_set=
ac_cv_env_LIBFFI_LIBS_value=
ac_cv_env_LIBS_set=
ac_cv_env_LIBS_value=
ac_cv_env_OBJCFLAGS_set=
ac_cv_env_OBJCFLAGS_value=
ac_cv_env_OBJC_set=
ac_cv_env_OBJC_value=
ac_cv_env_PKG_CONFIG_set=
ac_cv_env_PKG_CONFIG_value=
ac_cv_env_XMKMF_set=
ac_cv_env_XMKMF_value=
ac_cv_env_build_alias_set=
ac_cv_env_build_alias_value=
ac_cv_env_host_alias_set=
ac_cv_env_host_alias_value=
ac_cv_env_target_alias_set=
ac_cv_env_target_alias_value=
ac_cv_host=x86_64-apple-darwin17.5.0
ac_cv_path_BASENAME=/usr/bin/basename
ac_cv_path_BASH=/bin/bash
ac_cv_path_CAT=/bin/cat
ac_cv_path_CHECK_MAKE=/usr/bin/make
ac_cv_path_CHMOD=/bin/chmod
ac_cv_path_CMP=/usr/bin/cmp
ac_cv_path_CODESIGN=/usr/bin/codesign
ac_cv_path_COMM=/usr/bin/comm
ac_cv_path_CP=/bin/cp
ac_cv_path_CPIO=/usr/bin/cpio
ac_cv_path_CUT=/usr/bin/cut
ac_cv_path_DATE=/bin/date
ac_cv_path_DF=/bin/df
ac_cv_path_DIFF=/usr/bin/diff
ac_cv_path_DIRNAME=/usr/bin/dirname
ac_cv_path_DSYMUTIL=/usr/bin/dsymutil
ac_cv_path_ECHO=/bin/echo
ac_cv_path_EGREP='/usr/bin/grep -E'
ac_cv_path_EXPR=/bin/expr
ac_cv_path_FGREP='/usr/bin/grep -F'
ac_cv_path_FILE=/usr/bin/file
ac_cv_path_FIND=/usr/bin/find
ac_cv_path_GREP=/usr/bin/grep
ac_cv_path_HEAD=/usr/bin/head
ac_cv_path_HG=/usr/local/bin/hg
ac_cv_path_LN=/bin/ln
ac_cv_path_LS=/bin/ls
ac_cv_path_MKDIR=/bin/mkdir
ac_cv_path_MKTEMP=/usr/bin/mktemp
ac_cv_path_MV=/bin/mv
ac_cv_path_NAWK=/usr/bin/awk
ac_cv_path_PRINTF=/usr/bin/printf
ac_cv_path_READLINK=/usr/bin/readlink
ac_cv_path_RM=/bin/rm
ac_cv_path_SED=/usr/bin/sed
ac_cv_path_SETFILE=/usr/bin/SetFile
ac_cv_path_SH=/bin/sh
ac_cv_path_SORT=/usr/bin/sort
ac_cv_path_STAT=/usr/bin/stat
ac_cv_path_TAIL=/usr/bin/tail
ac_cv_path_TAR=/usr/bin/tar
ac_cv_path_TEE=/usr/bin/tee
ac_cv_path_TIME=/usr/bin/time
ac_cv_path_TOUCH=/usr/bin/touch
ac_cv_path_TR=/usr/bin/tr
ac_cv_path_UNAME=/usr/bin/uname
ac_cv_path_UNIQ=/usr/bin/uniq
ac_cv_path_UNZIP=/usr/bin/unzip
ac_cv_path_WC=/usr/bin/wc
ac_cv_path_WHICH=/usr/bin/which
ac_cv_path_XARGS=/usr/bin/xargs
ac_cv_path_XATTR=/usr/bin/xattr
ac_cv_path_XCODEBUILD=/usr/bin/xcodebuild
ac_cv_path_ZIP=/usr/bin/zip
ac_cv_path_ac_pt_PKG_CONFIG=/usr/local/bin/pkg-config
ac_cv_prog_AWK=awk
ac_cv_prog_BDEPS_FTP=wget
ac_cv_prog_BDEPS_UNZIP=unzip
ac_cv_prog_PKGHANDLER=pkgutil
ac_cv_target=x86_64-apple-darwin17.5.0

## ----------------- ##
## Output variables. ##
## ----------------- ##

ADD_SRC_ROOT=''
ALSA_CFLAGS=''
ALSA_LIBS=''
AR=''
ARFLAGS=''
AR_OUT_OPTION='rcs$(SPACE)'
AS=''
AWK='awk'
BASENAME='/usr/bin/basename'
BASH='/bin/bash'
BDEPS_FTP='wget'
BDEPS_UNZIP='unzip'
BOOT_JDK='/Library/Java/JavaVirtualMachines/jdk1.8.0_152.jdk/Contents/Home'
BOOT_JDK_BITS='64'
BOOT_JDK_SOURCETARGET='-source 7 -target 7'
BOOT_RTJAR='/Library/Java/JavaVirtualMachines/jdk1.8.0_152.jdk/Contents/Home/jre/lib/rt.jar'
BOOT_TOOLSJAR='/Library/Java/JavaVirtualMachines/jdk1.8.0_152.jdk/Contents/Home/lib/tools.jar'
BUILD_CC=''
BUILD_CXX=''
BUILD_HEADLESS='BUILD_HEADLESS:=true'
BUILD_HOTSPOT='true'
BUILD_LD=''
BUILD_LOG='$(OUTPUT_ROOT)/build.log'
BUILD_LOG_PREVIOUS='$(OUTPUT_ROOT)/build.log.old'
BUILD_LOG_WRAPPER='$(BASH) $(SRC_ROOT)/common/bin/logger.sh $(BUILD_LOG)'
BUILD_OUTPUT='/Users/drankye/projects/jdk8u/build/macosx-x86_64-normal-server-release'
BUILD_VARIANT_RELEASE=''
CACERTS_FILE='/Users/drankye/projects/jdk8u/jdk/src/share/lib/security/cacerts'
CAT='/bin/cat'
CC=''
CCACHE=''
CC_OUT_OPTION='-o$(SPACE)'
CC_VERSION=''
CFLAGS=''
CFLAGS_DEBUG_SYMBOLS=''
CFLAGS_JDKEXE=''
CFLAGS_JDKLIB=''
CHECK_GMAKE=''
CHECK_MAKE='/usr/bin/make'
CHECK_TOOLSDIR_GMAKE=''
CHECK_TOOLSDIR_MAKE=''
CHMOD='/bin/chmod'
CMP='/usr/bin/cmp'
CODESIGN=''
COMM='/usr/bin/comm'
COMPANY_NAME='N/A'
COMPILER_NAME=''
COMPILER_SUPPORTS_TARGET_BITS_FLAG=''
COMPILER_TARGET_BITS_FLAG=''
COMPILER_TYPE=''
COMPILE_TYPE='native'
COMPRESS_JARS='false'
CONFIGURE_COMMAND_LINE=''
CONF_NAME='macosx-x86_64-normal-server-release'
COOKED_BUILD_NUMBER='0'
COOKED_JDK_UPDATE_VERSION='0'
COPYRIGHT_YEAR='2018'
CORBA_TOPDIR='/Users/drankye/projects/jdk8u/corba'
CP='/bin/cp'
CPIO='/usr/bin/cpio'
CPP=''
CPPFLAGS=''
CUPS_CFLAGS=''
CUSTOM_MAKE_DIR=''
CUT='/usr/bin/cut'
CXX=''
CXXCPP=''
CXXFLAGS=''
CXXFLAGS_DEBUG_SYMBOLS=''
CXXFLAGS_JDKEXE=''
CXXFLAGS_JDKLIB=''
CXXSTD_CXXFLAG=''
CXX_FLAG_DEPS=''
CXX_FLAG_REORDER=''
CXX_O_FLAG_HI=''
CXX_O_FLAG_HIGHEST=''
CXX_O_FLAG_NONE=''
CXX_O_FLAG_NORM=''
CXX_VERSION=''
CYGPATH=''
CYGWIN_LINK=''
C_FLAG_DEPS=''
C_FLAG_REORDER=''
C_O_FLAG_HI=''
C_O_FLAG_HIGHEST=''
C_O_FLAG_NONE=''
C_O_FLAG_NORM=''
DATE='/bin/date'
DATE_WHEN_CONFIGURED='Tue Apr  3 18:57:42 CST 2018'
DEBUG_CLASSFILES='false'
DEBUG_LEVEL='release'
DEFINE_CROSS_COMPILE_ARCH=''
DEFS=''
DF='/bin/df'
DIFF='/usr/bin/diff'
DIRNAME='/usr/bin/dirname'
DSYMUTIL='/usr/bin/dsymutil'
DUMPBIN=''
ECHO='/bin/echo'
ECHO_C=''
ECHO_N='-n'
ECHO_T=''
EGREP='/usr/bin/grep -E'
ENABLE_DEBUG_SYMBOLS=''
ENABLE_INTREE_EC=''
ENABLE_SJAVAC=''
EXEEXT=''
EXE_OUT_OPTION='-o$(SPACE)'
EXE_SUFFIX=''
EXPR='/bin/expr'
FASTDEBUG='false'
FGREP='/usr/bin/grep -F'
FILE='/usr/bin/file'
FIND='/usr/bin/find'
FIND_DELETE='-delete'
FIXPATH=''
FREETYPE_BUNDLE_LIB_PATH=''
FREETYPE_CFLAGS=''
FREETYPE_LIBS=''
GNM=''
GREP='/usr/bin/grep'
HEAD='/usr/bin/head'
HG='/usr/local/bin/hg'
HOTSPOT_CXX=''
HOTSPOT_DIST='/Users/drankye/projects/jdk8u/build/macosx-x86_64-normal-server-release/hotspot/dist'
HOTSPOT_LD=''
HOTSPOT_MAKE_ARGS=''
HOTSPOT_MT=''
HOTSPOT_RC=''
HOTSPOT_TOPDIR='/Users/drankye/projects/jdk8u/hotspot'
INCLUDE_SA='true'
IS_GNU_TIME='no'
JAVAC_CHECK=''
JAVAC_FLAGS=''
JAVA_CHECK=''
JAVA_FLAGS=' '
JAVA_FLAGS_BIG=' -Xms64M -Xmx1600M -XX:ThreadStackSize=1536'
JAVA_FLAGS_SMALL=' -XX:+UseSerialGC -Xms32M -Xmx512M'
JAXP_TOPDIR='/Users/drankye/projects/jdk8u/jaxp'
JAXWS_TOPDIR='/Users/drankye/projects/jdk8u/jaxws'
JDK_BUILD_NUMBER='b00'
JDK_MAJOR_VERSION='1'
JDK_MICRO_VERSION='0'
JDK_MINOR_VERSION='8'
JDK_RC_PLATFORM_NAME='Platform'
JDK_TOPDIR='/Users/drankye/projects/jdk8u/jdk'
JDK_UPDATE_VERSION=''
JDK_VARIANT='normal'
JDK_VERSION='1.8.0'
JOBS=''
JTREGEXE=''
JT_HOME=''
JVM_INTERPRETER='template'
JVM_VARIANTS=',server,'
JVM_VARIANT_CLIENT='false'
JVM_VARIANT_CORE='false'
JVM_VARIANT_KERNEL='false'
JVM_VARIANT_MINIMAL1='false'
JVM_VARIANT_SERVER='true'
JVM_VARIANT_ZERO='false'
JVM_VARIANT_ZEROSHARK='false'
LANGTOOLS_TOPDIR='/Users/drankye/projects/jdk8u/langtools'
LAUNCHER_NAME='openjdk'
LD=''
LDCXX=''
LDD='true'
LDEXE=''
LDEXECXX=''
LDFLAGS=''
LDFLAGS_CXX_JDK=''
LDFLAGS_JDKEXE=''
LDFLAGS_JDKEXE_SUFFIX=''
LDFLAGS_JDKLIB=''
LDFLAGS_JDKLIB_SUFFIX=''
LD_OUT_OPTION='-o$(SPACE)'
LEGACY_EXTRA_CFLAGS=''
LEGACY_EXTRA_CXXFLAGS=''
LEGACY_EXTRA_LDFLAGS=''
LIBCXX=''
LIBDL=''
LIBFFI_CFLAGS=''
LIBFFI_LIBS=''
LIBM=''
LIBOBJS=''
LIBRARY_PREFIX=''
LIBS=''
LIBZIP_CAN_USE_MMAP=''
LLVM_CFLAGS=''
LLVM_CONFIG=''
LLVM_LDFLAGS=''
LLVM_LIBS=''
LN='/bin/ln'
LP64='LP64:='
LS='/bin/ls'
LTLIBOBJS=''
MACOSX_BUNDLE_ID_BASE='net.java.openjdk'
MACOSX_BUNDLE_NAME_BASE='OpenJDK'
MACOSX_UNIVERSAL='false'
MACOSX_VERSION_MIN=''
MAKE='/usr/bin/make'
MCS=''
MEMORY_SIZE=''
MILESTONE='internal'
MKDIR='/bin/mkdir'
MKTEMP='/usr/bin/mktemp'
MSVCR_DLL=''
MT=''
MV='/bin/mv'
NASHORN_TOPDIR='/Users/drankye/projects/jdk8u/nashorn'
NAWK='/usr/bin/awk'
NM=''
NO_DELETE_NULL_POINTER_CHECKS_CFLAG=''
NO_LIFETIME_DSE_CFLAG=''
NUM_CORES=''
OBJC=''
OBJCFLAGS=''
OBJCOPY=''
OBJDUMP=''
OBJEXT=''
OBJ_SUFFIX=''
OPENJDK_BUILD_AUTOCONF_NAME='x86_64-apple-darwin17.5.0'
OPENJDK_BUILD_CPU='x86_64'
OPENJDK_BUILD_CPU_ARCH='x86'
OPENJDK_BUILD_CPU_BITS='64'
OPENJDK_BUILD_CPU_ENDIAN='little'
OPENJDK_BUILD_OS='macosx'
OPENJDK_BUILD_OS_API='posix'
OPENJDK_TARGET_AUTOCONF_NAME='x86_64-apple-darwin17.5.0'
OPENJDK_TARGET_CPU='x86_64'
OPENJDK_TARGET_CPU_ARCH='x86'
OPENJDK_TARGET_CPU_BITS='64'
OPENJDK_TARGET_CPU_ENDIAN='little'
OPENJDK_TARGET_CPU_ISADIR=''
OPENJDK_TARGET_CPU_JLI_CFLAGS='-DLIBARCHNAME='\''"x86_64"'\'''
OPENJDK_TARGET_CPU_LEGACY='x86_64'
OPENJDK_TARGET_CPU_LEGACY_LIB='amd64'
OPENJDK_TARGET_CPU_LIBDIR=''
OPENJDK_TARGET_CPU_OSARCH='x86_64'
OPENJDK_TARGET_OS='macosx'
OPENJDK_TARGET_OS_API='posix'
OPENJDK_TARGET_OS_API_DIR='solaris'
OPENJDK_TARGET_OS_EXPORT_DIR='macosx'
OPENWIN_HOME=''
OS_VERSION_MAJOR='17'
OS_VERSION_MICRO='0'
OS_VERSION_MINOR='5'
OTOOL=''
OUTPUT_ROOT='/Users/drankye/projects/jdk8u/build/macosx-x86_64-normal-server-release'
OVERRIDE_SRC_ROOT=''
PACKAGE_BUGREPORT='build-dev@openjdk.java.net'
PACKAGE_NAME='OpenJDK'
PACKAGE_PATH=''
PACKAGE_STRING='OpenJDK jdk8'
PACKAGE_TARNAME='openjdk'
PACKAGE_URL='http://openjdk.java.net'
PACKAGE_VERSION='jdk8'
PATH_SEP=':'
PATH_SEPARATOR=':'
PKGHANDLER='pkgutil'
PKG_CONFIG='/usr/local/bin/pkg-config'
POST_MCS_CMD=''
POST_STRIP_CMD=''
POTENTIAL_CC=''
POTENTIAL_CXX=''
PRINTF='/usr/bin/printf'
PRODUCT_NAME='OpenJDK'
PRODUCT_SUFFIX='Runtime Environment'
PROPER_COMPILER_CC=''
PROPER_COMPILER_CXX=''
RC=''
RC_FLAGS=''
READELF=''
READLINK='/usr/bin/readlink'
REQUIRED_OS_NAME='Darwin'
REQUIRED_OS_VERSION='11.2'
RM='/bin/rm -f'
SALIB_NAME=''
SDKPATH=''
SED='/usr/bin/sed'
SETFILE='/usr/bin/SetFile'
SET_DEVELOPER_DIR=''
SET_EXECUTABLE_ORIGIN=''
SET_OPENJDK='OPENJDK=true'
SET_SHARED_LIBRARY_MAPFILE=''
SET_SHARED_LIBRARY_NAME=''
SET_SHARED_LIBRARY_ORIGIN=''
SH='/bin/sh'
SHARED_LIBRARY=''
SHARED_LIBRARY_FLAGS=''
SHARED_LIBRARY_SUFFIX=''
SHELL='/bin/bash'
SJAVAC_SERVER_DIR=''
SJAVAC_SERVER_JAVA=''
SORT='/usr/bin/sort'
SPEC='/Users/drankye/projects/jdk8u/build/macosx-x86_64-normal-server-release/spec.gmk'
SRC_ROOT='/Users/drankye/projects/jdk8u'
STAT='/usr/bin/stat'
STATIC_CXX_SETTING=''
STATIC_LIBRARY=''
STATIC_LIBRARY_SUFFIX=''
STRIP=''
SUPPORT_HEADFUL='yes'
SUPPORT_HEADLESS='yes'
SYS_ROOT='/'
TAIL='/usr/bin/tail'
TAR='/usr/bin/tar'
TEE='/usr/bin/tee'
TEST_IN_BUILD='false'
TIME='/usr/bin/time'
TOOLS_DIR_CC=''
TOOLS_DIR_CXX=''
TOUCH='/usr/bin/touch'
TR='/usr/bin/tr'
UNAME='/usr/bin/uname'
UNIQ='/usr/bin/uniq'
UNLIMITED_CRYPTO='false'
UNZIP='/usr/bin/unzip'
USER_RELEASE_SUFFIX='drankye_2018_04_03_18_57'
USE_EXTERNAL_LIBGIF=''
USE_EXTERNAL_LIBJPEG=''
USE_EXTERNAL_LIBZ=''
USE_PRECOMPILED_HEADER=''
USING_BROKEN_SUSE_LD=''
VARIANT='OPT'
VS_INCLUDE=''
VS_LIB=''
VS_PATH=''
WC='/usr/bin/wc'
WHICH='/usr/bin/which'
WINAR=''
WINLD=''
XARGS='/usr/bin/xargs'
XATTR='/usr/bin/xattr'
XCODEBUILD='/usr/bin/xcodebuild'
XMKMF=''
X_CFLAGS=''
X_EXTRA_LIBS=''
X_LIBS=''
X_PRE_LIBS=''
ZERO_ARCHDEF='AMD64'
ZERO_ARCHFLAG=''
ZIP='/usr/bin/zip'
ZIP_DEBUGINFO_FILES=''
ac_ct_CC=''
ac_ct_CXX=''
ac_ct_OBJC=''
ac_ct_OBJCOPY=''
ac_ct_OBJDUMP=''
ac_ct_PROPER_COMPILER_CC=''
ac_ct_PROPER_COMPILER_CXX=''
bindir='${exec_prefix}/bin'
build='x86_64-apple-darwin17.5.0'
build_alias=''
build_cpu='x86_64'
build_os='darwin17.5.0'
build_vendor='apple'
datadir='${datarootdir}'
datarootdir='${prefix}/share'
docdir='${datarootdir}/doc/${PACKAGE_TARNAME}'
dvidir='${docdir}'
exec_prefix='NONE'
host='x86_64-apple-darwin17.5.0'
host_alias=''
host_cpu='x86_64'
host_os='darwin17.5.0'
host_vendor='apple'
htmldir='${docdir}'
includedir='${prefix}/include'
infodir='${datarootdir}/info'
libdir='${exec_prefix}/lib'
libexecdir='${exec_prefix}/libexec'
localedir='${datarootdir}/locale'
localstatedir='${prefix}/var'
mandir='${datarootdir}/man'
oldincludedir='/usr/include'
pdfdir='${docdir}'
prefix='NONE'
program_transform_name='s,x,x,'
psdir='${docdir}'
sbindir='${exec_prefix}/sbin'
sharedstatedir='${prefix}/com'
sysconfdir='${prefix}/etc'
target='x86_64-apple-darwin17.5.0'
target_alias=''
target_cpu='x86_64'
target_os='darwin17.5.0'
target_vendor='apple'

## ----------- ##
## confdefs.h. ##
## ----------- ##

/* confdefs.h */
#define PACKAGE_NAME "OpenJDK"
#define PACKAGE_TARNAME "openjdk"
#define PACKAGE_VERSION "jdk8"
#define PACKAGE_STRING "OpenJDK jdk8"
#define PACKAGE_BUGREPORT "build-dev@openjdk.java.net"
#define PACKAGE_URL "http://openjdk.java.net"

configure: exit 1
